\BOOKMARK [1][-]{Doc-Start}{\376\377\004\022\004\022\004\025\004\024\004\025\004\035\004\030\004\025}{}% 1
\BOOKMARK [1][-]{section.1}{\376\377\004\042\004\065\004\105\004\075\004\076\004\073\004\076\004\063\004\070\004\117\000\040\000M\000a\000p\000R\000e\000d\000u\000c\000e}{}% 2
\BOOKMARK [2][-]{subsection.1.1}{\376\377\004\022\004\113\004\101\004\076\004\072\004\076\004\103\004\100\004\076\004\062\004\075\004\065\004\062\004\113\004\071\000\040\004\070\004\075\004\102\004\065\004\100\004\104\004\065\004\071\004\101}{section.1}% 3
\BOOKMARK [2][-]{subsection.1.2}{\376\377\004\037\004\100\004\070\004\074\004\065\004\100\000\040\000M\000a\000p\000R\000e\000d\000u\000c\000e}{section.1}% 4
\BOOKMARK [1][-]{section.2}{\376\377\004\036\004\102\004\072\004\100\004\113\004\102\004\060\004\117\000\040\004\100\004\065\004\060\004\073\004\070\004\067\004\060\004\106\004\070\004\117\000\040\000M\000a\000p\000r\000R\000e\000d\000u\000c\000e\000\040\000-\000\040\000A\000p\000a\000c\000h\000e\000\040\000H\000a\000d\000o\000o\000p}{}% 5
\BOOKMARK [2][-]{subsection.2.1}{\376\377\004\032\004\076\004\077\004\074\004\076\004\075\004\065\004\075\004\102\004\113\000\040\000A\000p\000a\000c\000h\000e\000\040\000H\000a\000d\000o\000o\000p}{section.2}% 6
\BOOKMARK [3][-]{subsubsection.2.1.1}{\376\377\004\032\004\076\004\074\004\077\004\076\004\075\004\065\004\075\004\102\000\040\000H\000a\000d\000o\000o\000p\000\040\000M\000a\000p\000R\000e\000d\000u\000c\000e}{subsection.2.1}% 7
\BOOKMARK [2][-]{subsection.2.2}{\376\377\004\025\004\111\004\065\000\040\004\115\004\073\004\065\004\074\004\065\004\075\004\102\004\113\000\040\004\074\004\060\004\102\004\065\004\074\004\060\004\102\004\070\004\107\004\065\004\101\004\072\004\076\004\063\004\076\000\040\004\102\004\065\004\072\004\101\004\102\004\060}{section.2}% 8
\BOOKMARK [2][-]{subsection.2.3}{\376\377\004\041\004\075\004\076\004\062\004\060\000\040\004\074\004\060\004\102\004\065\004\074\004\060\004\102\004\070\004\107\004\065\004\101\004\072\004\070\004\071\000\040\004\102\004\065\004\072\004\101\004\102}{section.2}% 9
\BOOKMARK [1][-]{section.3}{\376\377\004\040\004\060\004\067\004\064\004\065\004\073\000\040\004\101\000\040\004\077\004\076\004\064\004\100\004\060\004\067\004\064\004\065\004\073\004\060\004\074\004\070}{}% 10
\BOOKMARK [2][-]{subsection.3.1}{\376\377\004\042\004\065\004\072\004\101\004\102\000\040\004\101\000\040\004\104\004\076\004\100\004\074\004\103\004\073\004\060\004\074\004\070\000\040\004\070\000\040\004\073\004\065\004\074\004\074\004\076\004\071}{section.3}% 11
\BOOKMARK [2][-]{subsection.3.2}{\376\377\004\035\004\060\004\067\004\062\004\060\004\075\004\070\004\065\000\040\004\064\004\100\004\103\004\063\004\076\004\063\004\076\000\040\004\077\004\076\004\064\004\100\004\060\004\067\004\064\004\065\004\073\004\060}{section.3}% 12
\BOOKMARK [3][-]{subsubsection.3.2.1}{\376\377\004\021\004\076\004\073\004\065\004\065\000\040\004\074\004\065\004\073\004\072\004\070\004\071\000\040\004\077\004\076\004\064\004\100\004\060\004\067\004\064\004\065\004\073}{subsection.3.2}% 13
\BOOKMARK [3][-]{subsubsection.3.2.2}{\376\377\004\042\004\065\004\072\004\101\004\102\000\040\004\101\000\040\004\102\004\060\004\061\004\073\004\070\004\106\004\065\004\071}{subsection.3.2}% 14
\BOOKMARK [3][-]{subsubsection.3.2.3}{\376\377\004\042\004\065\004\072\004\101\004\102\000\040\004\101\000\040\004\072\004\076\004\064\004\076\004\074\000\040\004\077\004\100\004\076\004\063\004\100\004\060\004\074\004\074\004\113}{subsection.3.2}% 15
\BOOKMARK [1][-]{Item.5}{\376\377\004\027\004\020\004\032\004\033\004\056\004\047\004\025\004\035\004\030\004\025}{}% 16
\BOOKMARK [1][-]{Item.5}{\376\377\004\041\004\037\004\030\004\041\004\036\004\032\000\040\004\030\004\041\004\037\004\036\004\033\004\054\004\027\004\036\004\022\004\020\004\035\004\035\004\053\004\045\000\040\004\030\004\041\004\042\004\036\004\047\004\035\004\030\004\032\004\036\004\022}{}% 17
\BOOKMARK [1][-]{appendix.A}{\376\377\004\035\004\103\004\074\004\065\004\100\004\103\004\065\004\074\004\113\004\065\000\040\004\076\004\061\004\112\004\065\004\072\004\102\004\113\000\040\004\062\000\040\004\077\004\100\004\070\004\073\004\076\004\066\004\065\004\075\004\070\004\070}{}% 18
\BOOKMARK [1][-]{appendix.B}{\376\377\004\033\004\070\004\101\004\102\004\070\004\075\004\063\000\040\004\077\004\100\004\076\004\063\004\100\004\060\004\074\004\074\004\113}{}% 19
\BOOKMARK [1][-]{appendix.C}{\376\377\004\034\004\075\004\076\004\063\004\076\004\101\004\102\004\100\004\060\004\075\004\070\004\107\004\075\004\060\004\117\000\040\004\102\004\060\004\061\004\073\004\070\004\106\004\060}{}% 20
